<?xml version="1.0" encoding="UTF-8"?>
<!-- Generated by org.testng.reporters.JUnitReportReporter -->
<testsuite skipped="0" hostname="Andreys-iMac.local" name="remoteTesting.AppTest" tests="1" failures="0" timestamp="22 Feb 2021 05:19:55 GMT" time="0.006" errors="0">
  <testcase name="shouldAnswerWithTrue" time="0.006" classname="remoteTesting.AppTest"/>
</testsuite> <!-- remoteTesting.AppTest -->
